<?xml version="1.0" encoding="UTF-8" ?>
<testsuite tests="1" failures="0" name="cn.mldn.test.TestMessageService" time="0.009" errors="1" skipped="0">
  <properties>
[...]
</properties>
  <testcase classname="cn.mldn.test.TestMessageService" name="testSend" time="0.009">
    <error message="org.springframework.boot.builder.SpringApplicationBuilder.&lt;init&gt;([Ljava/lang/Object;)V" type="java.lang.NoSuchMethodError">java.lang.NoSuchMethodError: org.springframework.boot.builder.SpringApplicationBuilder.&lt;init&gt;([Ljava/lang/Object;)V
	at org.springframework.cloud.bootstrap.BootstrapApplicationListener.bootstrapServiceContext(BootstrapApplicationListener.java:157)
	at org.springframework.cloud.bootstrap.BootstrapApplicationListener.onApplicationEvent(BootstrapApplicationListener.java:98)
	at org.springframework.cloud.bootstrap.BootstrapApplicationListener.onApplicationEvent(BootstrapApplicationListener.java:64)
	at org.springframework.context.event.SimpleApplicationEventMulticaster.doInvokeListener(SimpleApplicationEventMulticaster.java:172)
	at org.springframework.context.event.SimpleApplicationEventMulticaster.invokeListener(SimpleApplicationEventMulticaster.java:165)
	at org.springframework.context.event.SimpleApplicationEventMulticaster.multicastEvent(SimpleApplicationEventMulticaster.java:139)
	at org.springframework.context.event.SimpleApplicationEventMulticaster.multicastEvent(SimpleApplicationEventMulticaster.java:127)
	at org.springframework.boot.context.event.EventPublishingRunListener.environmentPrepared(EventPublishingRunListener.java:74)
	at org.springframework.boot.SpringApplicationRunListeners.environmentPrepared(SpringApplicationRunListeners.java:54)
	at org.springframework.boot.SpringApplication.prepareEnvironment(SpringApplication.java:358)
	at org.springframework.boot.SpringApplication.run(SpringApplication.java:317)
	at org.springframework.boot.test.context.SpringBootContextLoader.loadContext(SpringBootContextLoader.java:139)
	at org.springframework.test.context.cache.DefaultCacheAwareContextLoaderDelegate.loadContextInternal(DefaultCacheAwareContextLoaderDelegate.java:99)
	at org.springframework.test.context.cache.DefaultCacheAwareContextLoaderDelegate.loadContext(DefaultCacheAwareContextLoaderDelegate.java:117)
	at org.springframework.test.context.support.DefaultTestContext.getApplicationContext(DefaultTestContext.java:108)
	at org.springframework.test.context.web.ServletTestExecutionListener.setUpRequestContextIfNecessary(ServletTestExecutionListener.java:190)
	at org.springframework.test.context.web.ServletTestExecutionListener.prepareTestInstance(ServletTestExecutionListener.java:132)
	at org.springframework.test.context.TestContextManager.prepareTestInstance(TestContextManager.java:246)
	at org.springframework.test.context.junit4.SpringJUnit4ClassRunner.createTest(SpringJUnit4ClassRunner.java:227)
	at org.springframework.test.context.junit4.SpringJUnit4ClassRunner$1.runReflectiveCall(SpringJUnit4ClassRunner.java:289)
	at org.junit.internal.runners.model.ReflectiveCallable.run(ReflectiveCallable.java:12)
	at org.springframework.test.context.junit4.SpringJUnit4ClassRunner.methodBlock(SpringJUnit4ClassRunner.java:291)
	at org.springframework.test.context.junit4.SpringJUnit4ClassRunner.runChild(SpringJUnit4ClassRunner.java:246)
	at org.springframework.test.context.junit4.SpringJUnit4ClassRunner.runChild(SpringJUnit4ClassRunner.java:97)
	at org.junit.runners.ParentRunner$3.run(ParentRunner.java:290)
	at org.junit.runners.ParentRunner$1.schedule(ParentRunner.java:71)
	at org.junit.runners.ParentRunner.runChildren(ParentRunner.java:288)
	at org.junit.runners.ParentRunner.access$000(ParentRunner.java:58)
	at org.junit.runners.ParentRunner$2.evaluate(ParentRunner.java:268)
	at org.springframework.test.context.junit4.statements.RunBeforeTestClassCallbacks.evaluate(RunBeforeTestClassCallbacks.java:61)
	at org.springframework.test.context.junit4.statements.RunAfterTestClassCallbacks.evaluate(RunAfterTestClassCallbacks.java:70)
	at org.junit.runners.ParentRunner.run(ParentRunner.java:363)
	at org.springframework.test.context.junit4.SpringJUnit4ClassRunner.run(SpringJUnit4ClassRunner.java:190)
	at org.apache.maven.surefire.junit4.JUnit4Provider.execute(JUnit4Provider.java:252)
	at org.apache.maven.surefire.junit4.JUnit4Provider.executeTestSet(JUnit4Provider.java:141)
	at org.apache.maven.surefire.junit4.JUnit4Provider.invoke(JUnit4Provider.java:112)
	at sun.reflect.NativeMethodAccessorImpl.invoke0(Native Method)
	at sun.reflect.NativeMethodAccessorImpl.invoke(NativeMethodAccessorImpl.java:62)
	at sun.reflect.DelegatingMethodAccessorImpl.invoke(DelegatingMethodAccessorImpl.java:43)
	at java.lang.reflect.Method.invoke(Method.java:498)
	at org.apache.maven.surefire.util.ReflectionUtils.invokeMethodWithArray(ReflectionUtils.java:189)
	at org.apache.maven.surefire.booter.ProviderFactory$ProviderProxy.invoke(ProviderFactory.java:165)
	at org.apache.maven.surefire.booter.ProviderFactory.invokeProvider(ProviderFactory.java:85)
	at org.apache.maven.surefire.booter.ForkedBooter.runSuitesInProcess(ForkedBooter.java:115)
	at org.apache.maven.surefire.booter.ForkedBooter.main(ForkedBooter.java:75)
</error>
    <system-out>13:25:44.844 [main] DEBUG org.springframework.test.context.junit4.SpringJUnit4ClassRunner - SpringJUnit4ClassRunner constructor called with [class cn.mldn.test.TestMessageService]
13:25:44.849 [main] DEBUG org.springframework.test.context.BootstrapUtils - Instantiating CacheAwareContextLoaderDelegate from class [org.springframework.test.context.cache.DefaultCacheAwareContextLoaderDelegate]
13:25:44.859 [main] DEBUG org.springframework.test.context.BootstrapUtils - Instantiating BootstrapContext using constructor [public org.springframework.test.context.support.DefaultBootstrapContext(java.lang.Class,org.springframework.test.context.CacheAwareContextLoaderDelegate)]
13:25:44.881 [main] DEBUG org.springframework.test.context.BootstrapUtils - Instantiating TestContextBootstrapper for test class [cn.mldn.test.TestMessageService] from class [org.springframework.boot.test.context.SpringBootTestContextBootstrapper]
13:25:44.894 [main] INFO org.springframework.boot.test.context.SpringBootTestContextBootstrapper - Neither @ContextConfiguration nor @ContextHierarchy found for test class [cn.mldn.test.TestMessageService], using SpringBootContextLoader
13:25:44.899 [main] DEBUG org.springframework.test.context.support.AbstractContextLoader - Did not detect default resource location for test class [cn.mldn.test.TestMessageService]: class path resource [cn/mldn/test/TestMessageService-context.xml] does not exist
13:25:44.899 [main] DEBUG org.springframework.test.context.support.AbstractContextLoader - Did not detect default resource location for test class [cn.mldn.test.TestMessageService]: class path resource [cn/mldn/test/TestMessageServiceContext.groovy] does not exist
13:25:44.899 [main] INFO org.springframework.test.context.support.AbstractContextLoader - Could not detect default resource locations for test class [cn.mldn.test.TestMessageService]: no resource found for suffixes {-context.xml, Context.groovy}.
13:25:44.944 [main] DEBUG org.springframework.test.context.support.ActiveProfilesUtils - Could not find an &apos;annotation declaring class&apos; for annotation type [org.springframework.test.context.ActiveProfiles] and class [cn.mldn.test.TestMessageService]
13:25:45.141 [main] DEBUG org.springframework.boot.test.context.SpringBootTestContextBootstrapper - @TestExecutionListeners is not present for class [cn.mldn.test.TestMessageService]: using defaults.
13:25:45.141 [main] INFO org.springframework.boot.test.context.SpringBootTestContextBootstrapper - Loaded default TestExecutionListener class names from location [META-INF/spring.factories]: [org.springframework.boot.test.mock.mockito.MockitoTestExecutionListener, org.springframework.boot.test.mock.mockito.ResetMocksTestExecutionListener, org.springframework.boot.test.autoconfigure.restdocs.RestDocsTestExecutionListener, org.springframework.boot.test.autoconfigure.web.client.MockRestServiceServerResetTestExecutionListener, org.springframework.boot.test.autoconfigure.web.servlet.MockMvcPrintOnlyOnFailureTestExecutionListener, org.springframework.boot.test.autoconfigure.web.servlet.WebDriverTestExecutionListener, org.springframework.test.context.web.ServletTestExecutionListener, org.springframework.test.context.support.DirtiesContextBeforeModesTestExecutionListener, org.springframework.test.context.support.DependencyInjectionTestExecutionListener, org.springframework.test.context.support.DirtiesContextTestExecutionListener, org.springframework.test.context.transaction.TransactionalTestExecutionListener, org.springframework.test.context.jdbc.SqlScriptsTestExecutionListener]
13:25:45.171 [main] DEBUG org.springframework.boot.test.context.SpringBootTestContextBootstrapper - Skipping candidate TestExecutionListener [org.springframework.test.context.transaction.TransactionalTestExecutionListener] due to a missing dependency. Specify custom listener classes or make the default listener classes and their required dependencies available. Offending class: [org/springframework/transaction/interceptor/TransactionAttributeSource]
13:25:45.171 [main] DEBUG org.springframework.boot.test.context.SpringBootTestContextBootstrapper - Skipping candidate TestExecutionListener [org.springframework.test.context.jdbc.SqlScriptsTestExecutionListener] due to a missing dependency. Specify custom listener classes or make the default listener classes and their required dependencies available. Offending class: [org/springframework/transaction/interceptor/TransactionAttribute]
13:25:45.171 [main] INFO org.springframework.boot.test.context.SpringBootTestContextBootstrapper - Using TestExecutionListeners: [org.springframework.test.context.web.ServletTestExecutionListener@45ca843, org.springframework.test.context.support.DirtiesContextBeforeModesTestExecutionListener@11c9af63, org.springframework.boot.test.mock.mockito.MockitoTestExecutionListener@757acd7b, org.springframework.boot.test.autoconfigure.SpringBootDependencyInjectionTestExecutionListener@36b4fe2a, org.springframework.test.context.support.DirtiesContextTestExecutionListener@574b560f, org.springframework.boot.test.mock.mockito.ResetMocksTestExecutionListener@ba54932, org.springframework.boot.test.autoconfigure.restdocs.RestDocsTestExecutionListener@28975c28, org.springframework.boot.test.autoconfigure.web.client.MockRestServiceServerResetTestExecutionListener@3943a2be, org.springframework.boot.test.autoconfigure.web.servlet.MockMvcPrintOnlyOnFailureTestExecutionListener@343570b7, org.springframework.boot.test.autoconfigure.web.servlet.WebDriverTestExecutionListener@157853da]
13:25:45.174 [main] DEBUG org.springframework.test.annotation.ProfileValueUtils - Retrieved @ProfileValueSourceConfiguration [null] for test class [cn.mldn.test.TestMessageService]
13:25:45.174 [main] DEBUG org.springframework.test.annotation.ProfileValueUtils - Retrieved ProfileValueSource type [class org.springframework.test.annotation.SystemProfileValueSource] for class [cn.mldn.test.TestMessageService]
13:25:45.174 [main] DEBUG org.springframework.test.annotation.ProfileValueUtils - Retrieved @ProfileValueSourceConfiguration [null] for test class [cn.mldn.test.TestMessageService]
13:25:45.174 [main] DEBUG org.springframework.test.annotation.ProfileValueUtils - Retrieved ProfileValueSource type [class org.springframework.test.annotation.SystemProfileValueSource] for class [cn.mldn.test.TestMessageService]
13:25:45.179 [main] DEBUG org.springframework.test.context.support.AbstractDirtiesContextTestExecutionListener - Before test class: context [DefaultTestContext@f381794 testClass = TestMessageService, testInstance = [null], testMethod = [null], testException = [null], mergedContextConfiguration = [WebMergedContextConfiguration@2cdd0d4b testClass = TestMessageService, locations = &apos;{}&apos;, classes = &apos;{class cn.mldn.StartEurekaMain7001, class cn.mldn.StartEurekaMain7001}&apos;, contextInitializerClasses = &apos;[]&apos;, activeProfiles = &apos;{}&apos;, propertySourceLocations = &apos;{}&apos;, propertySourceProperties = &apos;{org.springframework.boot.test.context.SpringBootTestContextBootstrapper=true}&apos;, contextCustomizers = set[org.springframework.boot.test.context.filter.ExcludeFilterContextCustomizer@314c508a, org.springframework.boot.test.json.DuplicateJsonObjectContextCustomizerFactory$DuplicateJsonObjectContextCustomizer@16267862, org.springframework.boot.test.mock.mockito.MockitoContextCustomizer@0, org.springframework.boot.test.web.client.TestRestTemplateContextCustomizer@6b1274d2, org.springframework.boot.test.autoconfigure.properties.PropertyMappingContextCustomizer@0, org.springframework.boot.test.autoconfigure.web.servlet.WebDriverContextCustomizerFactory$Customizer@77e4c80f, org.springframework.test.context.web.socket.MockServerContainerContextCustomizer@226a82c4], resourceBasePath = &apos;src/main/webapp&apos;, contextLoader = &apos;org.springframework.boot.test.context.SpringBootContextLoader&apos;, parent = [null]], attributes = map[&apos;org.springframework.test.context.web.ServletTestExecutionListener.activateListener&apos; -&gt; true]], class annotated with @DirtiesContext [false] with mode [null].
13:25:45.181 [main] DEBUG org.springframework.test.annotation.ProfileValueUtils - Retrieved @ProfileValueSourceConfiguration [null] for test class [cn.mldn.test.TestMessageService]
13:25:45.181 [main] DEBUG org.springframework.test.annotation.ProfileValueUtils - Retrieved ProfileValueSource type [class org.springframework.test.annotation.SystemProfileValueSource] for class [cn.mldn.test.TestMessageService]
13:25:45.211 [main] DEBUG org.springframework.core.env.StandardEnvironment - Adding PropertySource &apos;systemProperties&apos; with lowest search precedence
13:25:45.211 [main] DEBUG org.springframework.core.env.StandardEnvironment - Adding PropertySource &apos;systemEnvironment&apos; with lowest search precedence
13:25:45.214 [main] DEBUG org.springframework.core.env.StandardEnvironment - Initialized StandardEnvironment with PropertySources [MapPropertySource@2033968586 {name=&apos;systemProperties&apos;, properties={java.runtime.name=Java(TM) SE Runtime Environment, sun.boot.library.path=D:\Program Files\Java\jdk1.8.0_74\jre\bin, java.vm.version=25.74-b02, java.vm.vendor=Oracle Corporation, java.vendor.url=http://java.oracle.com/, path.separator=;, java.vm.name=Java HotSpot(TM) 64-Bit Server VM, file.encoding.pkg=sun.io, user.country=CN, user.script=, sun.java.launcher=SUN_STANDARD, sun.os.patch.level=Service Pack 1, java.vm.specification.name=Java Virtual Machine Specification, user.dir=D:\micro-workspace\micro\micro-cloud-eureka-7001, java.runtime.version=1.8.0_74-b02, basedir=D:\micro-workspace\micro\micro-cloud-eureka-7001, java.awt.graphicsenv=sun.awt.Win32GraphicsEnvironment, java.endorsed.dirs=D:\Program Files\Java\jdk1.8.0_74\jre\lib\endorsed, os.arch=amd64, surefire.real.class.path=D:\micro-workspace\micro\micro-cloud-eureka-7001\target\surefire\surefirebooter6963229598802620470.jar, java.io.tmpdir=C:\Users\mldn\AppData\Local\Temp\, line.separator=
, java.vm.specification.vendor=Oracle Corporation, user.variant=, os.name=Windows 7, sun.jnu.encoding=GBK, java.library.path=D:\Program Files\Java\jdk1.8.0_74\jre\bin;C:\Windows\Sun\Java\bin;C:\Windows\system32;C:\Windows;D:/Program Files/Java/jdk1.8.0_74/bin/../jre/bin/server;D:/Program Files/Java/jdk1.8.0_74/bin/../jre/bin;D:/Program Files/Java/jdk1.8.0_74/bin/../jre/lib/amd64;D:\apache-maven\bin;D:\Program Files\Java\jdk1.8.0_74\bin;C:\ProgramData\Oracle\Java\javapath;d:\app\mldn\product\11.2.0\dbhome_1\bin;C:\Windows\system32;C:\Windows;C:\Windows\System32\Wbem;C:\Windows\System32\WindowsPowerShell\v1.0\;D:\Program Files (x86)\MySQL\MySQL Server 5.0\bin;D:\Program Files (x86)\Subversion\bin;C:\Program Files\VanDyke Software\Clients\;D:\Program Files\Git\cmd;D:\eclipse.photon;;., surefire.test.class.path=D:\micro-workspace\micro\micro-cloud-eureka-7001\target\test-classes;D:\micro-workspace\micro\micro-cloud-eureka-7001\target\classes;E:\maven_resp\org\springframework\boot\spring-boot-starter-actuator\2.0.3.RELEASE\spring-boot-starter-actuator-2.0.3.RELEASE.jar;E:\maven_resp\org\springframework\boot\spring-boot-starter\2.0.3.RELEASE\spring-boot-starter-2.0.3.RELEASE.jar;E:\maven_resp\org\springframework\boot\spring-boot-starter-logging\2.0.3.RELEASE\spring-boot-starter-logging-2.0.3.RELEASE.jar;E:\maven_resp\ch\qos\logback\logback-classic\1.2.3\logback-classic-1.2.3.jar;E:\maven_resp\ch\qos\logback\logback-core\1.2.3\logback-core-1.2.3.jar;E:\maven_resp\org\apache\logging\log4j\log4j-to-slf4j\2.10.0\log4j-to-slf4j-2.10.0.jar;E:\maven_resp\org\apache\logging\log4j\log4j-api\2.10.0\log4j-api-2.10.0.jar;E:\maven_resp\org\slf4j\jul-to-slf4j\1.7.25\jul-to-slf4j-1.7.25.jar;E:\maven_resp\javax\annotation\javax.annotation-api\1.3.2\javax.annotation-api-1.3.2.jar;E:\maven_resp\org\yaml\snakeyaml\1.19\snakeyaml-1.19.jar;E:\maven_resp\org\springframework\boot\spring-boot-actuator-autoconfigure\2.0.3.RELEASE\spring-boot-actuator-autoconfigure-2.0.3.RELEASE.jar;E:\maven_resp\org\springframework\boot\spring-boot-actuator\2.0.3.RELEASE\spring-boot-actuator-2.0.3.RELEASE.jar;E:\maven_resp\com\fasterxml\jackson\core\jackson-databind\2.9.6\jackson-databind-2.9.6.jar;E:\maven_resp\org\springframework\spring-context\5.0.7.RELEASE\spring-context-5.0.7.RELEASE.jar;E:\maven_resp\com\fasterxml\jackson\datatype\jackson-datatype-jsr310\2.9.6\jackson-datatype-jsr310-2.9.6.jar;E:\maven_resp\io\micrometer\micrometer-core\1.0.5\micrometer-core-1.0.5.jar;E:\maven_resp\org\hdrhistogram\HdrHistogram\2.1.10\HdrHistogram-2.1.10.jar;E:\maven_resp\org\latencyutils\LatencyUtils\2.0.3\LatencyUtils-2.0.3.jar;E:\maven_resp\org\springframework\boot\spring-boot-starter-jetty\2.0.3.RELEASE\spring-boot-starter-jetty-2.0.3.RELEASE.jar;E:\maven_resp\org\eclipse\jetty\jetty-servlets\9.4.11.v20180605\jetty-servlets-9.4.11.v20180605.jar;E:\maven_resp\org\eclipse\jetty\jetty-continuation\9.4.11.v20180605\jetty-continuation-9.4.11.v20180605.jar;E:\maven_resp\org\eclipse\jetty\jetty-http\9.4.11.v20180605\jetty-http-9.4.11.v20180605.jar;E:\maven_resp\org\eclipse\jetty\jetty-util\9.4.11.v20180605\jetty-util-9.4.11.v20180605.jar;E:\maven_resp\org\eclipse\jetty\jetty-io\9.4.11.v20180605\jetty-io-9.4.11.v20180605.jar;E:\maven_resp\org\eclipse\jetty\jetty-webapp\9.4.11.v20180605\jetty-webapp-9.4.11.v20180605.jar;E:\maven_resp\org\eclipse\jetty\jetty-xml\9.4.11.v20180605\jetty-xml-9.4.11.v20180605.jar;E:\maven_resp\org\eclipse\jetty\jetty-servlet\9.4.11.v20180605\jetty-servlet-9.4.11.v20180605.jar;E:\maven_resp\org\eclipse\jetty\jetty-security\9.4.11.v20180605\jetty-security-9.4.11.v20180605.jar;E:\maven_resp\org\eclipse\jetty\jetty-server\9.4.11.v20180605\jetty-server-9.4.11.v20180605.jar;E:\maven_resp\org\eclipse\jetty\websocket\websocket-server\9.4.11.v20180605\websocket-server-9.4.11.v20180605.jar;E:\maven_resp\org\eclipse\jetty\websocket\websocket-common\9.4.11.v20180605\websocket-common-9.4.11.v20180605.jar;E:\maven_resp\org\eclipse\jetty\websocket\websocket-api\9.4.11.v20180605\websocket-api-9.4.11.v20180605.jar;E:\maven_resp\org\eclipse\jetty\websocket\websocket-client\9.4.11.v20180605\websocket-client-9.4.11.v20180605.jar;E:\maven_resp\org\eclipse\jetty\jetty-client\9.4.11.v20180605\jetty-client-9.4.11.v20180605.jar;E:\maven_resp\org\eclipse\jetty\websocket\websocket-servlet\9.4.11.v20180605\websocket-servlet-9.4.11.v20180605.jar;E:\maven_resp\javax\servlet\javax.servlet-api\3.1.0\javax.servlet-api-3.1.0.jar;E:\maven_resp\org\eclipse\jetty\websocket\javax-websocket-server-impl\9.4.11.v20180605\javax-websocket-server-impl-9.4.11.v20180605.jar;E:\maven_resp\org\eclipse\jetty\jetty-annotations\9.4.11.v20180605\jetty-annotations-9.4.11.v20180605.jar;E:\maven_resp\org\eclipse\jetty\jetty-plus\9.4.11.v20180605\jetty-plus-9.4.11.v20180605.jar;E:\maven_resp\org\ow2\asm\asm\6.2\asm-6.2.jar;E:\maven_resp\org\ow2\asm\asm-commons\6.2\asm-commons-6.2.jar;E:\maven_resp\org\ow2\asm\asm-tree\6.2\asm-tree-6.2.jar;E:\maven_resp\org\ow2\asm\asm-analysis\6.2\asm-analysis-6.2.jar;E:\maven_resp\org\eclipse\jetty\websocket\javax-websocket-client-impl\9.4.11.v20180605\javax-websocket-client-impl-9.4.11.v20180605.jar;E:\maven_resp\javax\websocket\javax.websocket-api\1.0\javax.websocket-api-1.0.jar;E:\maven_resp\org\mortbay\jasper\apache-el\8.5.24.2\apache-el-8.5.24.2.jar;E:\maven_resp\org\springframework\boot\spring-boot-starter-security\2.0.3.RELEASE\spring-boot-starter-security-2.0.3.RELEASE.jar;E:\maven_resp\org\springframework\spring-aop\5.0.7.RELEASE\spring-aop-5.0.7.RELEASE.jar;E:\maven_resp\org\springframework\spring-beans\5.0.7.RELEASE\spring-beans-5.0.7.RELEASE.jar;E:\maven_resp\org\springframework\security\spring-security-config\5.0.6.RELEASE\spring-security-config-5.0.6.RELEASE.jar;E:\maven_resp\org\springframework\security\spring-security-core\5.0.6.RELEASE\spring-security-core-5.0.6.RELEASE.jar;E:\maven_resp\org\springframework\security\spring-security-web\5.0.6.RELEASE\spring-security-web-5.0.6.RELEASE.jar;E:\maven_resp\org\springframework\spring-expression\5.0.7.RELEASE\spring-expression-5.0.7.RELEASE.jar;E:\maven_resp\org\springframework\boot\spring-boot-devtools\2.0.3.RELEASE\spring-boot-devtools-2.0.3.RELEASE.jar;E:\maven_resp\org\springframework\boot\spring-boot\2.0.3.RELEASE\spring-boot-2.0.3.RELEASE.jar;E:\maven_resp\org\springframework\boot\spring-boot-autoconfigure\2.0.3.RELEASE\spring-boot-autoconfigure-2.0.3.RELEASE.jar;E:\maven_resp\org\springframework\boot\spring-boot-starter-test\2.0.3.RELEASE\spring-boot-starter-test-2.0.3.RELEASE.jar;E:\maven_resp\org\springframework\boot\spring-boot-test\2.0.3.RELEASE\spring-boot-test-2.0.3.RELEASE.jar;E:\maven_resp\org\springframework\boot\spring-boot-test-autoconfigure\2.0.3.RELEASE\spring-boot-test-autoconfigure-2.0.3.RELEASE.jar;E:\maven_resp\com\jayway\jsonpath\json-path\2.4.0\json-path-2.4.0.jar;E:\maven_resp\net\minidev\json-smart\2.3\json-smart-2.3.jar;E:\maven_resp\net\minidev\accessors-smart\1.2\accessors-smart-1.2.jar;E:\maven_resp\org\slf4j\slf4j-api\1.7.25\slf4j-api-1.7.25.jar;E:\maven_resp\org\assertj\assertj-core\3.9.1\assertj-core-3.9.1.jar;E:\maven_resp\org\mockito\mockito-core\2.15.0\mockito-core-2.15.0.jar;E:\maven_resp\net\bytebuddy\byte-buddy\1.7.11\byte-buddy-1.7.11.jar;E:\maven_resp\net\bytebuddy\byte-buddy-agent\1.7.11\byte-buddy-agent-1.7.11.jar;E:\maven_resp\org\objenesis\objenesis\2.6\objenesis-2.6.jar;E:\maven_resp\org\hamcrest\hamcrest-core\1.3\hamcrest-core-1.3.jar;E:\maven_resp\org\hamcrest\hamcrest-library\1.3\hamcrest-library-1.3.jar;E:\maven_resp\org\skyscreamer\jsonassert\1.5.0\jsonassert-1.5.0.jar;E:\maven_resp\com\vaadin\external\google\android-json\0.0.20131108.vaadin1\android-json-0.0.20131108.vaadin1.jar;E:\maven_resp\org\springframework\spring-core\5.0.7.RELEASE\spring-core-5.0.7.RELEASE.jar;E:\maven_resp\org\springframework\spring-jcl\5.0.7.RELEASE\spring-jcl-5.0.7.RELEASE.jar;E:\maven_resp\org\springframework\spring-test\5.0.7.RELEASE\spring-test-5.0.7.RELEASE.jar;E:\maven_resp\org\xmlunit\xmlunit-core\2.5.1\xmlunit-core-2.5.1.jar;E:\maven_resp\junit\junit\4.12\junit-4.12.jar;E:\maven_resp\org\springframework\cloud\spring-cloud-starter-eureka-server\1.3.6.RELEASE\spring-cloud-starter-eureka-server-1.3.6.RELEASE.jar;E:\maven_resp\org\springframework\cloud\spring-cloud-starter\1.2.5.RELEASE\spring-cloud-starter-1.2.5.RELEASE.jar;E:\maven_resp\org\springframework\cloud\spring-cloud-context\1.2.5.RELEASE\spring-cloud-context-1.2.5.RELEASE.jar;E:\maven_resp\org\springframework\security\spring-security-crypto\5.0.6.RELEASE\spring-security-crypto-5.0.6.RELEASE.jar;E:\maven_resp\org\springframework\cloud\spring-cloud-commons\1.2.5.RELEASE\spring-cloud-commons-1.2.5.RELEASE.jar;E:\maven_resp\org\springframework\security\spring-security-rsa\1.0.3.RELEASE\spring-security-rsa-1.0.3.RELEASE.jar;E:\maven_resp\org\bouncycastle\bcpkix-jdk15on\1.55\bcpkix-jdk15on-1.55.jar;E:\maven_resp\org\bouncycastle\bcprov-jdk15on\1.55\bcprov-jdk15on-1.55.jar;E:\maven_resp\org\springframework\cloud\spring-cloud-netflix-eureka-server\1.3.6.RELEASE\spring-cloud-netflix-eureka-server-1.3.6.RELEASE.jar;E:\maven_resp\org\springframework\boot\spring-boot-starter-freemarker\2.0.3.RELEASE\spring-boot-starter-freemarker-2.0.3.RELEASE.jar;E:\maven_resp\org\freemarker\freemarker\2.3.28\freemarker-2.3.28.jar;E:\maven_resp\org\springframework\spring-context-support\5.0.7.RELEASE\spring-context-support-5.0.7.RELEASE.jar;E:\maven_resp\org\springframework\cloud\spring-cloud-netflix-core\1.3.6.RELEASE\spring-cloud-netflix-core-1.3.6.RELEASE.jar;E:\maven_resp\org\springframework\cloud\spring-cloud-netflix-eureka-client\1.3.6.RELEASE\spring-cloud-netflix-eureka-client-1.3.6.RELEASE.jar;E:\maven_resp\com\netflix\eureka\eureka-client\1.6.2\eureka-client-1.6.2.jar;E:\maven_resp\org\codehaus\jettison\jettison\1.3.7\jettison-1.3.7.jar;E:\maven_resp\stax\stax-api\1.0.1\stax-api-1.0.1.jar;E:\maven_resp\com\netflix\netflix-commons\netflix-eventbus\0.3.0\netflix-eventbus-0.3.0.jar;E:\maven_resp\com\netflix\netflix-commons\netflix-infix\0.3.0\netflix-infix-0.3.0.jar;E:\maven_resp\commons-jxpath\commons-jxpath\1.3\commons-jxpath-1.3.jar;E:\maven_resp\joda-time\joda-time\2.9.9\joda-time-2.9.9.jar;E:\maven_resp\org\antlr\antlr-runtime\3.4\antlr-runtime-3.4.jar;E:\maven_resp\org\antlr\stringtemplate\3.2.1\stringtemplate-3.2.1.jar;E:\maven_resp\antlr\antlr\2.7.7\antlr-2.7.7.jar;E:\maven_resp\com\google\code\gson\gson\2.8.5\gson-2.8.5.jar;E:\maven_resp\org\apache\commons\commons-math\2.2\commons-math-2.2.jar;E:\maven_resp\javax\ws\rs\jsr311-api\1.1.1\jsr311-api-1.1.1.jar;E:\maven_resp\com\netflix\servo\servo-core\0.10.1\servo-core-0.10.1.jar;E:\maven_resp\com\netflix\servo\servo-internal\0.10.1\servo-internal-0.10.1.jar;E:\maven_resp\com\sun\jersey\jersey-core\1.19.1\jersey-core-1.19.1.jar;E:\maven_resp\com\sun\jersey\jersey-client\1.19.1\jersey-client-1.19.1.jar;E:\maven_resp\com\sun\jersey\contribs\jersey-apache-client4\1.19.1\jersey-apache-client4-1.19.1.jar;E:\maven_resp\org\apache\httpcomponents\httpclient\4.5.5\httpclient-4.5.5.jar;E:\maven_resp\org\apache\httpcomponents\httpcore\4.4.9\httpcore-4.4.9.jar;E:\maven_resp\commons-codec\commons-codec\1.11\commons-codec-1.11.jar;E:\maven_resp\com\google\inject\guice\4.1.0\guice-4.1.0.jar;E:\maven_resp\aopalliance\aopalliance\1.0\aopalliance-1.0.jar;E:\maven_resp\com\sun\jersey\jersey-servlet\1.19.1\jersey-servlet-1.19.1.jar;E:\maven_resp\com\sun\jersey\jersey-server\1.19.1\jersey-server-1.19.1.jar;E:\maven_resp\com\netflix\eureka\eureka-core\1.6.2\eureka-core-1.6.2.jar;E:\maven_resp\org\codehaus\woodstox\woodstox-core-asl\4.4.1\woodstox-core-asl-4.4.1.jar;E:\maven_resp\javax\xml\stream\stax-api\1.0-2\stax-api-1.0-2.jar;E:\maven_resp\com\netflix\archaius\archaius-core\0.7.4\archaius-core-0.7.4.jar;E:\maven_resp\com\google\code\findbugs\jsr305\3.0.1\jsr305-3.0.1.jar;E:\maven_resp\javax\inject\javax.inject\1\javax.inject-1.jar;E:\maven_resp\com\fasterxml\jackson\dataformat\jackson-dataformat-xml\2.9.6\jackson-dataformat-xml-2.9.6.jar;E:\maven_resp\com\fasterxml\jackson\module\jackson-module-jaxb-annotations\2.9.6\jackson-module-jaxb-annotations-2.9.6.jar;E:\maven_resp\org\codehaus\woodstox\stax2-api\3.1.4\stax2-api-3.1.4.jar;E:\maven_resp\com\fasterxml\woodstox\woodstox-core\5.0.3\woodstox-core-5.0.3.jar;E:\maven_resp\com\thoughtworks\xstream\xstream\1.4.9\xstream-1.4.9.jar;E:\maven_resp\xmlpull\xmlpull\1.1.3.1\xmlpull-1.1.3.1.jar;E:\maven_resp\xpp3\xpp3_min\1.1.4c\xpp3_min-1.1.4c.jar;E:\maven_resp\org\springframework\cloud\spring-cloud-starter-archaius\1.3.6.RELEASE\spring-cloud-starter-archaius-1.3.6.RELEASE.jar;E:\maven_resp\commons-configuration\commons-configuration\1.8\commons-configuration-1.8.jar;E:\maven_resp\commons-lang\commons-lang\2.6\commons-lang-2.6.jar;E:\maven_resp\com\fasterxml\jackson\core\jackson-annotations\2.9.0\jackson-annotations-2.9.0.jar;E:\maven_resp\com\fasterxml\jackson\core\jackson-core\2.9.6\jackson-core-2.9.6.jar;E:\maven_resp\com\google\guava\guava\18.0\guava-18.0.jar;E:\maven_resp\org\springframework\cloud\spring-cloud-starter-ribbon\1.3.6.RELEASE\spring-cloud-starter-ribbon-1.3.6.RELEASE.jar;E:\maven_resp\com\netflix\ribbon\ribbon\2.2.2\ribbon-2.2.2.jar;E:\maven_resp\com\netflix\ribbon\ribbon-transport\2.2.2\ribbon-transport-2.2.2.jar;E:\maven_resp\io\reactivex\rxnetty-contexts\0.4.9\rxnetty-contexts-0.4.9.jar;E:\maven_resp\io\reactivex\rxnetty-servo\0.4.9\rxnetty-servo-0.4.9.jar;E:\maven_resp\com\netflix\hystrix\hystrix-core\1.5.12\hystrix-core-1.5.12.jar;E:\maven_resp\io\reactivex\rxnetty\0.4.9\rxnetty-0.4.9.jar;E:\maven_resp\io\netty\netty-codec-http\4.1.25.Final\netty-codec-http-4.1.25.Final.jar;E:\maven_resp\io\netty\netty-codec\4.1.25.Final\netty-codec-4.1.25.Final.jar;E:\maven_resp\io\netty\netty-transport-native-epoll\4.1.25.Final\netty-transport-native-epoll-4.1.25.Final.jar;E:\maven_resp\io\netty\netty-common\4.1.25.Final\netty-common-4.1.25.Final.jar;E:\maven_resp\io\netty\netty-buffer\4.1.25.Final\netty-buffer-4.1.25.Final.jar;E:\maven_resp\io\netty\netty-transport-native-unix-common\4.1.25.Final\netty-transport-native-unix-common-4.1.25.Final.jar;E:\maven_resp\io\netty\netty-transport\4.1.25.Final\netty-transport-4.1.25.Final.jar;E:\maven_resp\io\netty\netty-resolver\4.1.25.Final\netty-resolver-4.1.25.Final.jar;E:\maven_resp\com\netflix\ribbon\ribbon-core\2.2.2\ribbon-core-2.2.2.jar;E:\maven_resp\com\netflix\ribbon\ribbon-httpclient\2.2.2\ribbon-httpclient-2.2.2.jar;E:\maven_resp\commons-collections\commons-collections\3.2.1\commons-collections-3.2.1.jar;E:\maven_resp\com\netflix\netflix-commons\netflix-commons-util\0.1.1\netflix-commons-util-0.1.1.jar;E:\maven_resp\com\netflix\ribbon\ribbon-loadbalancer\2.2.2\ribbon-loadbalancer-2.2.2.jar;E:\maven_resp\com\netflix\netflix-commons\netflix-statistics\0.1.1\netflix-statistics-0.1.1.jar;E:\maven_resp\io\reactivex\rxjava\1.3.8\rxjava-1.3.8.jar;E:\maven_resp\com\netflix\ribbon\ribbon-eureka\2.2.2\ribbon-eureka-2.2.2.jar;E:\maven_resp\org\springframework\boot\spring-boot-starter-web\2.0.3.RELEASE\spring-boot-starter-web-2.0.3.RELEASE.jar;E:\maven_resp\org\springframework\boot\spring-boot-starter-json\2.0.3.RELEASE\spring-boot-starter-json-2.0.3.RELEASE.jar;E:\maven_resp\com\fasterxml\jackson\datatype\jackson-datatype-jdk8\2.9.6\jackson-datatype-jdk8-2.9.6.jar;E:\maven_resp\com\fasterxml\jackson\module\jackson-module-parameter-names\2.9.6\jackson-module-parameter-names-2.9.6.jar;E:\maven_resp\org\springframework\boot\spring-boot-starter-tomcat\2.0.3.RELEASE\spring-boot-starter-tomcat-2.0.3.RELEASE.jar;E:\maven_resp\org\apache\tomcat\embed\tomcat-embed-core\8.5.31\tomcat-embed-core-8.5.31.jar;E:\maven_resp\org\apache\tomcat\embed\tomcat-embed-el\8.5.31\tomcat-embed-el-8.5.31.jar;E:\maven_resp\org\apache\tomcat\embed\tomcat-embed-websocket\8.5.31\tomcat-embed-websocket-8.5.31.jar;E:\maven_resp\org\hibernate\validator\hibernate-validator\6.0.10.Final\hibernate-validator-6.0.10.Final.jar;E:\maven_resp\javax\validation\validation-api\2.0.1.Final\validation-api-2.0.1.Final.jar;E:\maven_resp\org\jboss\logging\jboss-logging\3.3.2.Final\jboss-logging-3.3.2.Final.jar;E:\maven_resp\com\fasterxml\classmate\1.3.4\classmate-1.3.4.jar;E:\maven_resp\org\springframework\spring-web\5.0.7.RELEASE\spring-web-5.0.7.RELEASE.jar;E:\maven_resp\org\springframework\spring-webmvc\5.0.7.RELEASE\spring-webmvc-5.0.7.RELEASE.jar;E:\maven_resp\org\springframework\boot\spring-boot-starter-aop\2.0.3.RELEASE\spring-boot-starter-aop-2.0.3.RELEASE.jar;E:\maven_resp\org\aspectj\aspectjweaver\1.8.13\aspectjweaver-1.8.13.jar;, java.specification.name=Java Platform API Specification, java.class.version=52.0, sun.management.compiler=HotSpot 64-Bit Tiered Compilers, os.version=6.1, user.home=C:\Users\mldn, user.timezone=Asia/Shanghai, java.awt.printerjob=sun.awt.windows.WPrinterJob, file.encoding=GBK, java.specification.version=1.8, java.class.path=D:\micro-workspace\micro\micro-cloud-eureka-7001\target\test-classes;D:\micro-workspace\micro\micro-cloud-eureka-7001\target\classes;E:\maven_resp\org\springframework\boot\spring-boot-starter-actuator\2.0.3.RELEASE\spring-boot-starter-actuator-2.0.3.RELEASE.jar;E:\maven_resp\org\springframework\boot\spring-boot-starter\2.0.3.RELEASE\spring-boot-starter-2.0.3.RELEASE.jar;E:\maven_resp\org\springframework\boot\spring-boot-starter-logging\2.0.3.RELEASE\spring-boot-starter-logging-2.0.3.RELEASE.jar;E:\maven_resp\ch\qos\logback\logback-classic\1.2.3\logback-classic-1.2.3.jar;E:\maven_resp\ch\qos\logback\logback-core\1.2.3\logback-core-1.2.3.jar;E:\maven_resp\org\apache\logging\log4j\log4j-to-slf4j\2.10.0\log4j-to-slf4j-2.10.0.jar;E:\maven_resp\org\apache\logging\log4j\log4j-api\2.10.0\log4j-api-2.10.0.jar;E:\maven_resp\org\slf4j\jul-to-slf4j\1.7.25\jul-to-slf4j-1.7.25.jar;E:\maven_resp\javax\annotation\javax.annotation-api\1.3.2\javax.annotation-api-1.3.2.jar;E:\maven_resp\org\yaml\snakeyaml\1.19\snakeyaml-1.19.jar;E:\maven_resp\org\springframework\boot\spring-boot-actuator-autoconfigure\2.0.3.RELEASE\spring-boot-actuator-autoconfigure-2.0.3.RELEASE.jar;E:\maven_resp\org\springframework\boot\spring-boot-actuator\2.0.3.RELEASE\spring-boot-actuator-2.0.3.RELEASE.jar;E:\maven_resp\com\fasterxml\jackson\core\jackson-databind\2.9.6\jackson-databind-2.9.6.jar;E:\maven_resp\org\springframework\spring-context\5.0.7.RELEASE\spring-context-5.0.7.RELEASE.jar;E:\maven_resp\com\fasterxml\jackson\datatype\jackson-datatype-jsr310\2.9.6\jackson-datatype-jsr310-2.9.6.jar;E:\maven_resp\io\micrometer\micrometer-core\1.0.5\micrometer-core-1.0.5.jar;E:\maven_resp\org\hdrhistogram\HdrHistogram\2.1.10\HdrHistogram-2.1.10.jar;E:\maven_resp\org\latencyutils\LatencyUtils\2.0.3\LatencyUtils-2.0.3.jar;E:\maven_resp\org\springframework\boot\spring-boot-starter-jetty\2.0.3.RELEASE\spring-boot-starter-jetty-2.0.3.RELEASE.jar;E:\maven_resp\org\eclipse\jetty\jetty-servlets\9.4.11.v20180605\jetty-servlets-9.4.11.v20180605.jar;E:\maven_resp\org\eclipse\jetty\jetty-continuation\9.4.11.v20180605\jetty-continuation-9.4.11.v20180605.jar;E:\maven_resp\org\eclipse\jetty\jetty-http\9.4.11.v20180605\jetty-http-9.4.11.v20180605.jar;E:\maven_resp\org\eclipse\jetty\jetty-util\9.4.11.v20180605\jetty-util-9.4.11.v20180605.jar;E:\maven_resp\org\eclipse\jetty\jetty-io\9.4.11.v20180605\jetty-io-9.4.11.v20180605.jar;E:\maven_resp\org\eclipse\jetty\jetty-webapp\9.4.11.v20180605\jetty-webapp-9.4.11.v20180605.jar;E:\maven_resp\org\eclipse\jetty\jetty-xml\9.4.11.v20180605\jetty-xml-9.4.11.v20180605.jar;E:\maven_resp\org\eclipse\jetty\jetty-servlet\9.4.11.v20180605\jetty-servlet-9.4.11.v20180605.jar;E:\maven_resp\org\eclipse\jetty\jetty-security\9.4.11.v20180605\jetty-security-9.4.11.v20180605.jar;E:\maven_resp\org\eclipse\jetty\jetty-server\9.4.11.v20180605\jetty-server-9.4.11.v20180605.jar;E:\maven_resp\org\eclipse\jetty\websocket\websocket-server\9.4.11.v20180605\websocket-server-9.4.11.v20180605.jar;E:\maven_resp\org\eclipse\jetty\websocket\websocket-common\9.4.11.v20180605\websocket-common-9.4.11.v20180605.jar;E:\maven_resp\org\eclipse\jetty\websocket\websocket-api\9.4.11.v20180605\websocket-api-9.4.11.v20180605.jar;E:\maven_resp\org\eclipse\jetty\websocket\websocket-client\9.4.11.v20180605\websocket-client-9.4.11.v20180605.jar;E:\maven_resp\org\eclipse\jetty\jetty-client\9.4.11.v20180605\jetty-client-9.4.11.v20180605.jar;E:\maven_resp\org\eclipse\jetty\websocket\websocket-servlet\9.4.11.v20180605\websocket-servlet-9.4.11.v20180605.jar;E:\maven_resp\javax\servlet\javax.servlet-api\3.1.0\javax.servlet-api-3.1.0.jar;E:\maven_resp\org\eclipse\jetty\websocket\javax-websocket-server-impl\9.4.11.v20180605\javax-websocket-server-impl-9.4.11.v20180605.jar;E:\maven_resp\org\eclipse\jetty\jetty-annotations\9.4.11.v20180605\jetty-annotations-9.4.11.v20180605.jar;E:\maven_resp\org\eclipse\jetty\jetty-plus\9.4.11.v20180605\jetty-plus-9.4.11.v20180605.jar;E:\maven_resp\org\ow2\asm\asm\6.2\asm-6.2.jar;E:\maven_resp\org\ow2\asm\asm-commons\6.2\asm-commons-6.2.jar;E:\maven_resp\org\ow2\asm\asm-tree\6.2\asm-tree-6.2.jar;E:\maven_resp\org\ow2\asm\asm-analysis\6.2\asm-analysis-6.2.jar;E:\maven_resp\org\eclipse\jetty\websocket\javax-websocket-client-impl\9.4.11.v20180605\javax-websocket-client-impl-9.4.11.v20180605.jar;E:\maven_resp\javax\websocket\javax.websocket-api\1.0\javax.websocket-api-1.0.jar;E:\maven_resp\org\mortbay\jasper\apache-el\8.5.24.2\apache-el-8.5.24.2.jar;E:\maven_resp\org\springframework\boot\spring-boot-starter-security\2.0.3.RELEASE\spring-boot-starter-security-2.0.3.RELEASE.jar;E:\maven_resp\org\springframework\spring-aop\5.0.7.RELEASE\spring-aop-5.0.7.RELEASE.jar;E:\maven_resp\org\springframework\spring-beans\5.0.7.RELEASE\spring-beans-5.0.7.RELEASE.jar;E:\maven_resp\org\springframework\security\spring-security-config\5.0.6.RELEASE\spring-security-config-5.0.6.RELEASE.jar;E:\maven_resp\org\springframework\security\spring-security-core\5.0.6.RELEASE\spring-security-core-5.0.6.RELEASE.jar;E:\maven_resp\org\springframework\security\spring-security-web\5.0.6.RELEASE\spring-security-web-5.0.6.RELEASE.jar;E:\maven_resp\org\springframework\spring-expression\5.0.7.RELEASE\spring-expression-5.0.7.RELEASE.jar;E:\maven_resp\org\springframework\boot\spring-boot-devtools\2.0.3.RELEASE\spring-boot-devtools-2.0.3.RELEASE.jar;E:\maven_resp\org\springframework\boot\spring-boot\2.0.3.RELEASE\spring-boot-2.0.3.RELEASE.jar;E:\maven_resp\org\springframework\boot\spring-boot-autoconfigure\2.0.3.RELEASE\spring-boot-autoconfigure-2.0.3.RELEASE.jar;E:\maven_resp\org\springframework\boot\spring-boot-starter-test\2.0.3.RELEASE\spring-boot-starter-test-2.0.3.RELEASE.jar;E:\maven_resp\org\springframework\boot\spring-boot-test\2.0.3.RELEASE\spring-boot-test-2.0.3.RELEASE.jar;E:\maven_resp\org\springframework\boot\spring-boot-test-autoconfigure\2.0.3.RELEASE\spring-boot-test-autoconfigure-2.0.3.RELEASE.jar;E:\maven_resp\com\jayway\jsonpath\json-path\2.4.0\json-path-2.4.0.jar;E:\maven_resp\net\minidev\json-smart\2.3\json-smart-2.3.jar;E:\maven_resp\net\minidev\accessors-smart\1.2\accessors-smart-1.2.jar;E:\maven_resp\org\slf4j\slf4j-api\1.7.25\slf4j-api-1.7.25.jar;E:\maven_resp\org\assertj\assertj-core\3.9.1\assertj-core-3.9.1.jar;E:\maven_resp\org\mockito\mockito-core\2.15.0\mockito-core-2.15.0.jar;E:\maven_resp\net\bytebuddy\byte-buddy\1.7.11\byte-buddy-1.7.11.jar;E:\maven_resp\net\bytebuddy\byte-buddy-agent\1.7.11\byte-buddy-agent-1.7.11.jar;E:\maven_resp\org\objenesis\objenesis\2.6\objenesis-2.6.jar;E:\maven_resp\org\hamcrest\hamcrest-core\1.3\hamcrest-core-1.3.jar;E:\maven_resp\org\hamcrest\hamcrest-library\1.3\hamcrest-library-1.3.jar;E:\maven_resp\org\skyscreamer\jsonassert\1.5.0\jsonassert-1.5.0.jar;E:\maven_resp\com\vaadin\external\google\android-json\0.0.20131108.vaadin1\android-json-0.0.20131108.vaadin1.jar;E:\maven_resp\org\springframework\spring-core\5.0.7.RELEASE\spring-core-5.0.7.RELEASE.jar;E:\maven_resp\org\springframework\spring-jcl\5.0.7.RELEASE\spring-jcl-5.0.7.RELEASE.jar;E:\maven_resp\org\springframework\spring-test\5.0.7.RELEASE\spring-test-5.0.7.RELEASE.jar;E:\maven_resp\org\xmlunit\xmlunit-core\2.5.1\xmlunit-core-2.5.1.jar;E:\maven_resp\junit\junit\4.12\junit-4.12.jar;E:\maven_resp\org\springframework\cloud\spring-cloud-starter-eureka-server\1.3.6.RELEASE\spring-cloud-starter-eureka-server-1.3.6.RELEASE.jar;E:\maven_resp\org\springframework\cloud\spring-cloud-starter\1.2.5.RELEASE\spring-cloud-starter-1.2.5.RELEASE.jar;E:\maven_resp\org\springframework\cloud\spring-cloud-context\1.2.5.RELEASE\spring-cloud-context-1.2.5.RELEASE.jar;E:\maven_resp\org\springframework\security\spring-security-crypto\5.0.6.RELEASE\spring-security-crypto-5.0.6.RELEASE.jar;E:\maven_resp\org\springframework\cloud\spring-cloud-commons\1.2.5.RELEASE\spring-cloud-commons-1.2.5.RELEASE.jar;E:\maven_resp\org\springframework\security\spring-security-rsa\1.0.3.RELEASE\spring-security-rsa-1.0.3.RELEASE.jar;E:\maven_resp\org\bouncycastle\bcpkix-jdk15on\1.55\bcpkix-jdk15on-1.55.jar;E:\maven_resp\org\bouncycastle\bcprov-jdk15on\1.55\bcprov-jdk15on-1.55.jar;E:\maven_resp\org\springframework\cloud\spring-cloud-netflix-eureka-server\1.3.6.RELEASE\spring-cloud-netflix-eureka-server-1.3.6.RELEASE.jar;E:\maven_resp\org\springframework\boot\spring-boot-starter-freemarker\2.0.3.RELEASE\spring-boot-starter-freemarker-2.0.3.RELEASE.jar;E:\maven_resp\org\freemarker\freemarker\2.3.28\freemarker-2.3.28.jar;E:\maven_resp\org\springframework\spring-context-support\5.0.7.RELEASE\spring-context-support-5.0.7.RELEASE.jar;E:\maven_resp\org\springframework\cloud\spring-cloud-netflix-core\1.3.6.RELEASE\spring-cloud-netflix-core-1.3.6.RELEASE.jar;E:\maven_resp\org\springframework\cloud\spring-cloud-netflix-eureka-client\1.3.6.RELEASE\spring-cloud-netflix-eureka-client-1.3.6.RELEASE.jar;E:\maven_resp\com\netflix\eureka\eureka-client\1.6.2\eureka-client-1.6.2.jar;E:\maven_resp\org\codehaus\jettison\jettison\1.3.7\jettison-1.3.7.jar;E:\maven_resp\stax\stax-api\1.0.1\stax-api-1.0.1.jar;E:\maven_resp\com\netflix\netflix-commons\netflix-eventbus\0.3.0\netflix-eventbus-0.3.0.jar;E:\maven_resp\com\netflix\netflix-commons\netflix-infix\0.3.0\netflix-infix-0.3.0.jar;E:\maven_resp\commons-jxpath\commons-jxpath\1.3\commons-jxpath-1.3.jar;E:\maven_resp\joda-time\joda-time\2.9.9\joda-time-2.9.9.jar;E:\maven_resp\org\antlr\antlr-runtime\3.4\antlr-runtime-3.4.jar;E:\maven_resp\org\antlr\stringtemplate\3.2.1\stringtemplate-3.2.1.jar;E:\maven_resp\antlr\antlr\2.7.7\antlr-2.7.7.jar;E:\maven_resp\com\google\code\gson\gson\2.8.5\gson-2.8.5.jar;E:\maven_resp\org\apache\commons\commons-math\2.2\commons-math-2.2.jar;E:\maven_resp\javax\ws\rs\jsr311-api\1.1.1\jsr311-api-1.1.1.jar;E:\maven_resp\com\netflix\servo\servo-core\0.10.1\servo-core-0.10.1.jar;E:\maven_resp\com\netflix\servo\servo-internal\0.10.1\servo-internal-0.10.1.jar;E:\maven_resp\com\sun\jersey\jersey-core\1.19.1\jersey-core-1.19.1.jar;E:\maven_resp\com\sun\jersey\jersey-client\1.19.1\jersey-client-1.19.1.jar;E:\maven_resp\com\sun\jersey\contribs\jersey-apache-client4\1.19.1\jersey-apache-client4-1.19.1.jar;E:\maven_resp\org\apache\httpcomponents\httpclient\4.5.5\httpclient-4.5.5.jar;E:\maven_resp\org\apache\httpcomponents\httpcore\4.4.9\httpcore-4.4.9.jar;E:\maven_resp\commons-codec\commons-codec\1.11\commons-codec-1.11.jar;E:\maven_resp\com\google\inject\guice\4.1.0\guice-4.1.0.jar;E:\maven_resp\aopalliance\aopalliance\1.0\aopalliance-1.0.jar;E:\maven_resp\com\sun\jersey\jersey-servlet\1.19.1\jersey-servlet-1.19.1.jar;E:\maven_resp\com\sun\jersey\jersey-server\1.19.1\jersey-server-1.19.1.jar;E:\maven_resp\com\netflix\eureka\eureka-core\1.6.2\eureka-core-1.6.2.jar;E:\maven_resp\org\codehaus\woodstox\woodstox-core-asl\4.4.1\woodstox-core-asl-4.4.1.jar;E:\maven_resp\javax\xml\stream\stax-api\1.0-2\stax-api-1.0-2.jar;E:\maven_resp\com\netflix\archaius\archaius-core\0.7.4\archaius-core-0.7.4.jar;E:\maven_resp\com\google\code\findbugs\jsr305\3.0.1\jsr305-3.0.1.jar;E:\maven_resp\javax\inject\javax.inject\1\javax.inject-1.jar;E:\maven_resp\com\fasterxml\jackson\dataformat\jackson-dataformat-xml\2.9.6\jackson-dataformat-xml-2.9.6.jar;E:\maven_resp\com\fasterxml\jackson\module\jackson-module-jaxb-annotations\2.9.6\jackson-module-jaxb-annotations-2.9.6.jar;E:\maven_resp\org\codehaus\woodstox\stax2-api\3.1.4\stax2-api-3.1.4.jar;E:\maven_resp\com\fasterxml\woodstox\woodstox-core\5.0.3\woodstox-core-5.0.3.jar;E:\maven_resp\com\thoughtworks\xstream\xstream\1.4.9\xstream-1.4.9.jar;E:\maven_resp\xmlpull\xmlpull\1.1.3.1\xmlpull-1.1.3.1.jar;E:\maven_resp\xpp3\xpp3_min\1.1.4c\xpp3_min-1.1.4c.jar;E:\maven_resp\org\springframework\cloud\spring-cloud-starter-archaius\1.3.6.RELEASE\spring-cloud-starter-archaius-1.3.6.RELEASE.jar;E:\maven_resp\commons-configuration\commons-configuration\1.8\commons-configuration-1.8.jar;E:\maven_resp\commons-lang\commons-lang\2.6\commons-lang-2.6.jar;E:\maven_resp\com\fasterxml\jackson\core\jackson-annotations\2.9.0\jackson-annotations-2.9.0.jar;E:\maven_resp\com\fasterxml\jackson\core\jackson-core\2.9.6\jackson-core-2.9.6.jar;E:\maven_resp\com\google\guava\guava\18.0\guava-18.0.jar;E:\maven_resp\org\springframework\cloud\spring-cloud-starter-ribbon\1.3.6.RELEASE\spring-cloud-starter-ribbon-1.3.6.RELEASE.jar;E:\maven_resp\com\netflix\ribbon\ribbon\2.2.2\ribbon-2.2.2.jar;E:\maven_resp\com\netflix\ribbon\ribbon-transport\2.2.2\ribbon-transport-2.2.2.jar;E:\maven_resp\io\reactivex\rxnetty-contexts\0.4.9\rxnetty-contexts-0.4.9.jar;E:\maven_resp\io\reactivex\rxnetty-servo\0.4.9\rxnetty-servo-0.4.9.jar;E:\maven_resp\com\netflix\hystrix\hystrix-core\1.5.12\hystrix-core-1.5.12.jar;E:\maven_resp\io\reactivex\rxnetty\0.4.9\rxnetty-0.4.9.jar;E:\maven_resp\io\netty\netty-codec-http\4.1.25.Final\netty-codec-http-4.1.25.Final.jar;E:\maven_resp\io\netty\netty-codec\4.1.25.Final\netty-codec-4.1.25.Final.jar;E:\maven_resp\io\netty\netty-transport-native-epoll\4.1.25.Final\netty-transport-native-epoll-4.1.25.Final.jar;E:\maven_resp\io\netty\netty-common\4.1.25.Final\netty-common-4.1.25.Final.jar;E:\maven_resp\io\netty\netty-buffer\4.1.25.Final\netty-buffer-4.1.25.Final.jar;E:\maven_resp\io\netty\netty-transport-native-unix-common\4.1.25.Final\netty-transport-native-unix-common-4.1.25.Final.jar;E:\maven_resp\io\netty\netty-transport\4.1.25.Final\netty-transport-4.1.25.Final.jar;E:\maven_resp\io\netty\netty-resolver\4.1.25.Final\netty-resolver-4.1.25.Final.jar;E:\maven_resp\com\netflix\ribbon\ribbon-core\2.2.2\ribbon-core-2.2.2.jar;E:\maven_resp\com\netflix\ribbon\ribbon-httpclient\2.2.2\ribbon-httpclient-2.2.2.jar;E:\maven_resp\commons-collections\commons-collections\3.2.1\commons-collections-3.2.1.jar;E:\maven_resp\com\netflix\netflix-commons\netflix-commons-util\0.1.1\netflix-commons-util-0.1.1.jar;E:\maven_resp\com\netflix\ribbon\ribbon-loadbalancer\2.2.2\ribbon-loadbalancer-2.2.2.jar;E:\maven_resp\com\netflix\netflix-commons\netflix-statistics\0.1.1\netflix-statistics-0.1.1.jar;E:\maven_resp\io\reactivex\rxjava\1.3.8\rxjava-1.3.8.jar;E:\maven_resp\com\netflix\ribbon\ribbon-eureka\2.2.2\ribbon-eureka-2.2.2.jar;E:\maven_resp\org\springframework\boot\spring-boot-starter-web\2.0.3.RELEASE\spring-boot-starter-web-2.0.3.RELEASE.jar;E:\maven_resp\org\springframework\boot\spring-boot-starter-json\2.0.3.RELEASE\spring-boot-starter-json-2.0.3.RELEASE.jar;E:\maven_resp\com\fasterxml\jackson\datatype\jackson-datatype-jdk8\2.9.6\jackson-datatype-jdk8-2.9.6.jar;E:\maven_resp\com\fasterxml\jackson\module\jackson-module-parameter-names\2.9.6\jackson-module-parameter-names-2.9.6.jar;E:\maven_resp\org\springframework\boot\spring-boot-starter-tomcat\2.0.3.RELEASE\spring-boot-starter-tomcat-2.0.3.RELEASE.jar;E:\maven_resp\org\apache\tomcat\embed\tomcat-embed-core\8.5.31\tomcat-embed-core-8.5.31.jar;E:\maven_resp\org\apache\tomcat\embed\tomcat-embed-el\8.5.31\tomcat-embed-el-8.5.31.jar;E:\maven_resp\org\apache\tomcat\embed\tomcat-embed-websocket\8.5.31\tomcat-embed-websocket-8.5.31.jar;E:\maven_resp\org\hibernate\validator\hibernate-validator\6.0.10.Final\hibernate-validator-6.0.10.Final.jar;E:\maven_resp\javax\validation\validation-api\2.0.1.Final\validation-api-2.0.1.Final.jar;E:\maven_resp\org\jboss\logging\jboss-logging\3.3.2.Final\jboss-logging-3.3.2.Final.jar;E:\maven_resp\com\fasterxml\classmate\1.3.4\classmate-1.3.4.jar;E:\maven_resp\org\springframework\spring-web\5.0.7.RELEASE\spring-web-5.0.7.RELEASE.jar;E:\maven_resp\org\springframework\spring-webmvc\5.0.7.RELEASE\spring-webmvc-5.0.7.RELEASE.jar;E:\maven_resp\org\springframework\boot\spring-boot-starter-aop\2.0.3.RELEASE\spring-boot-starter-aop-2.0.3.RELEASE.jar;E:\maven_resp\org\aspectj\aspectjweaver\1.8.13\aspectjweaver-1.8.13.jar;, user.name=mldn, java.vm.specification.version=1.8, sun.java.command=D:\micro-workspace\micro\micro-cloud-eureka-7001\target\surefire\surefirebooter6963229598802620470.jar D:\micro-workspace\micro\micro-cloud-eureka-7001\target\surefire\surefire59707398097299966tmp D:\micro-workspace\micro\micro-cloud-eureka-7001\target\surefire\surefire_0484787661818459688tmp, java.home=D:\Program Files\Java\jdk1.8.0_74\jre, sun.arch.data.model=64, user.language=zh, java.specification.vendor=Oracle Corporation, awt.toolkit=sun.awt.windows.WToolkit, java.vm.info=mixed mode, java.version=1.8.0_74, java.ext.dirs=D:\Program Files\Java\jdk1.8.0_74\jre\lib\ext;C:\Windows\Sun\Java\lib\ext, sun.boot.class.path=D:\Program Files\Java\jdk1.8.0_74\jre\lib\resources.jar;D:\Program Files\Java\jdk1.8.0_74\jre\lib\rt.jar;D:\Program Files\Java\jdk1.8.0_74\jre\lib\sunrsasign.jar;D:\Program Files\Java\jdk1.8.0_74\jre\lib\jsse.jar;D:\Program Files\Java\jdk1.8.0_74\jre\lib\jce.jar;D:\Program Files\Java\jdk1.8.0_74\jre\lib\charsets.jar;D:\Program Files\Java\jdk1.8.0_74\jre\lib\jfr.jar;D:\Program Files\Java\jdk1.8.0_74\jre\classes, java.vendor=Oracle Corporation, localRepository=E:\maven_resp, file.separator=\, java.vendor.url.bug=http://bugreport.sun.com/bugreport/, sun.io.unicode.encoding=UnicodeLittle, sun.cpu.endian=little, sun.desktop=windows, sun.cpu.isalist=amd64}}, SystemEnvironmentPropertySource@48208774 {name=&apos;systemEnvironment&apos;, properties={PATH=D:/Program Files/Java/jdk1.8.0_74/bin/../jre/bin/server;D:/Program Files/Java/jdk1.8.0_74/bin/../jre/bin;D:/Program Files/Java/jdk1.8.0_74/bin/../jre/lib/amd64;D:\apache-maven\bin;D:\Program Files\Java\jdk1.8.0_74\bin;C:\ProgramData\Oracle\Java\javapath;d:\app\mldn\product\11.2.0\dbhome_1\bin;C:\Windows\system32;C:\Windows;C:\Windows\System32\Wbem;C:\Windows\System32\WindowsPowerShell\v1.0\;D:\Program Files (x86)\MySQL\MySQL Server 5.0\bin;D:\Program Files (x86)\Subversion\bin;C:\Program Files\VanDyke Software\Clients\;D:\Program Files\Git\cmd;D:\eclipse.photon;, LOCALAPPDATA=C:\Users\mldn\AppData\Local, PROCESSOR_LEVEL=6, SYSTEMDRIVE=C:, COMMONPROGRAMFILES(X86)=C:\Program Files (x86)\Common Files, FP_NO_HOST_CHECK=NO, APR_ICONV_PATH=D:\Program Files (x86)\Subversion\iconv, USERDOMAIN=mldn-pc, LOGONSERVER=\\MLDN-PC, JAVA_HOME=D:\Program Files\Java\jdk1.8.0_74, PROMPT=$P$G, SESSIONNAME=Console, ALLUSERSPROFILE=C:\ProgramData, PROGRAMFILES(X86)=C:\Program Files (x86), PROCESSOR_ARCHITECTURE=AMD64, PROGRAMFILES=C:\Program Files, WINDOWS_TRACING_FLAGS=3, APPDATA=C:\Users\mldn\AppData\Roaming, PSMODULEPATH=C:\Windows\system32\WindowsPowerShell\v1.0\Modules\, PROGRAMW6432=C:\Program Files, PROGRAMDATA=C:\ProgramData, SYSTEMROOT=C:\Windows, USERNAME=mldn, PATHEXT=.COM;.EXE;.BAT;.CMD;.VBS;.VBE;.JS;.JSE;.WSF;.WSH;.MSC, OS=Windows_NT, COMMONPROGRAMW6432=C:\Program Files\Common Files, COMPUTERNAME=MLDN-PC, COMMONPROGRAMFILES=C:\Program Files\Common Files, COMSPEC=C:\Windows\system32\cmd.exe, CATALINA_OPTS=-Xmx50g -Xms50g, PROCESSOR_REVISION=2d07, CLASSPATH=.;D:\app\mldn\product\11.2.0\dbhome_1\jdbc\lib\ojdbc6.jar, WINDIR=C:\Windows, =D:=D:\micro-workspace\micro\micro-cloud-eureka-7001, HOMEPATH=\Users\mldn, TEMP=C:\Users\mldn\AppData\Local\Temp, HOMEDRIVE=C:, PROCESSOR_IDENTIFIER=Intel64 Family 6 Model 45 Stepping 7, GenuineIntel, USERPROFILE=C:\Users\mldn, TMP=C:\Users\mldn\AppData\Local\Temp, WINDOWS_TRACING_LOGFILE=C:\BVTBin\Tests\installpackage\csilogfile.log, PUBLIC=C:\Users\Public, NUMBER_OF_PROCESSORS=32, =::=::\}}]
13:25:45.219 [main] DEBUG org.springframework.test.context.support.TestPropertySourceUtils - Adding inlined properties to environment: {spring.jmx.enabled=false, org.springframework.boot.test.context.SpringBootTestContextBootstrapper=true, server.port=-1}
13:25:45.221 [main] DEBUG org.springframework.core.env.StandardEnvironment - Adding PropertySource &apos;Inlined Test Properties&apos; with highest search precedence
13:25:45.284 [main] DEBUG org.springframework.boot.context.logging.ClasspathLoggingApplicationListener - Application failed to start with classpath: [file:/D:/micro-workspace/micro/micro-cloud-eureka-7001/target/surefire/surefirebooter6963229598802620470.jar]
13:25:45.336 [background-preinit] DEBUG org.jboss.logging - Logging Provider: org.jboss.logging.Log4j2LoggerProvider
13:25:45.336 [background-preinit] INFO org.hibernate.validator.internal.util.Version - HV000001: Hibernate Validator 6.0.10.Final
13:25:45.349 [background-preinit] DEBUG org.hibernate.validator.internal.engine.resolver.TraversableResolvers - Cannot find javax.persistence.Persistence on classpath. Assuming non JPA 2 environment. All properties will per default be traversable.
13:25:45.354 [background-preinit] DEBUG org.hibernate.validator.internal.xml.ValidationXmlParser - Trying to load META-INF/validation.xml for XML based Validator configuration.
13:25:45.356 [background-preinit] DEBUG org.hibernate.validator.internal.xml.ResourceLoaderHelper - Trying to load META-INF/validation.xml via TCCL
13:25:45.356 [background-preinit] DEBUG org.hibernate.validator.internal.xml.ResourceLoaderHelper - Trying to load META-INF/validation.xml via Hibernate Validator&apos;s class loader
13:25:45.356 [background-preinit] DEBUG org.hibernate.validator.internal.xml.ValidationXmlParser - No META-INF/validation.xml found. Using annotation based configuration only.
13:25:45.574 [background-preinit] DEBUG org.hibernate.validator.messageinterpolation.ResourceBundleMessageInterpolator - Loaded expression factory via original TCCL
13:25:45.581 [background-preinit] DEBUG org.hibernate.validator.internal.engine.ValidatorFactoryImpl - HV000234: Using org.hibernate.validator.messageinterpolation.ResourceBundleMessageInterpolator as ValidatorFactory-scoped message interpolator.
13:25:45.581 [background-preinit] DEBUG org.hibernate.validator.internal.engine.ValidatorFactoryImpl - HV000234: Using org.hibernate.validator.internal.engine.resolver.TraverseAllTraversableResolver as ValidatorFactory-scoped traversable resolver.
13:25:45.581 [background-preinit] DEBUG org.hibernate.validator.internal.engine.ValidatorFactoryImpl - HV000234: Using org.hibernate.validator.internal.util.ExecutableParameterNameProvider as ValidatorFactory-scoped parameter name provider.
13:25:45.581 [background-preinit] DEBUG org.hibernate.validator.internal.engine.ValidatorFactoryImpl - HV000234: Using org.hibernate.validator.internal.engine.DefaultClockProvider as ValidatorFactory-scoped clock provider.
13:25:45.581 [background-preinit] DEBUG org.hibernate.validator.internal.engine.ValidatorFactoryImpl - HV000234: Using org.hibernate.validator.internal.engine.scripting.DefaultScriptEvaluatorFactory as ValidatorFactory-scoped script evaluator factory.
13:25:46.231 [main] ERROR org.springframework.boot.SpringApplication - Application run failed
java.lang.NoSuchMethodError: org.springframework.boot.builder.SpringApplicationBuilder.&lt;init&gt;([Ljava/lang/Object;)V
	at org.springframework.cloud.bootstrap.BootstrapApplicationListener.bootstrapServiceContext(BootstrapApplicationListener.java:157)
	at org.springframework.cloud.bootstrap.BootstrapApplicationListener.onApplicationEvent(BootstrapApplicationListener.java:98)
	at org.springframework.cloud.bootstrap.BootstrapApplicationListener.onApplicationEvent(BootstrapApplicationListener.java:64)
	at org.springframework.context.event.SimpleApplicationEventMulticaster.doInvokeListener(SimpleApplicationEventMulticaster.java:172)
	at org.springframework.context.event.SimpleApplicationEventMulticaster.invokeListener(SimpleApplicationEventMulticaster.java:165)
	at org.springframework.context.event.SimpleApplicationEventMulticaster.multicastEvent(SimpleApplicationEventMulticaster.java:139)
	at org.springframework.context.event.SimpleApplicationEventMulticaster.multicastEvent(SimpleApplicationEventMulticaster.java:127)
	at org.springframework.boot.context.event.EventPublishingRunListener.environmentPrepared(EventPublishingRunListener.java:74)
	at org.springframework.boot.SpringApplicationRunListeners.environmentPrepared(SpringApplicationRunListeners.java:54)
	at org.springframework.boot.SpringApplication.prepareEnvironment(SpringApplication.java:358)
	at org.springframework.boot.SpringApplication.run(SpringApplication.java:317)
	at org.springframework.boot.test.context.SpringBootContextLoader.loadContext(SpringBootContextLoader.java:139)
	at org.springframework.test.context.cache.DefaultCacheAwareContextLoaderDelegate.loadContextInternal(DefaultCacheAwareContextLoaderDelegate.java:99)
	at org.springframework.test.context.cache.DefaultCacheAwareContextLoaderDelegate.loadContext(DefaultCacheAwareContextLoaderDelegate.java:117)
	at org.springframework.test.context.support.DefaultTestContext.getApplicationContext(DefaultTestContext.java:108)
	at org.springframework.test.context.web.ServletTestExecutionListener.setUpRequestContextIfNecessary(ServletTestExecutionListener.java:190)
	at org.springframework.test.context.web.ServletTestExecutionListener.prepareTestInstance(ServletTestExecutionListener.java:132)
	at org.springframework.test.context.TestContextManager.prepareTestInstance(TestContextManager.java:246)
	at org.springframework.test.context.junit4.SpringJUnit4ClassRunner.createTest(SpringJUnit4ClassRunner.java:227)
	at org.springframework.test.context.junit4.SpringJUnit4ClassRunner$1.runReflectiveCall(SpringJUnit4ClassRunner.java:289)
	at org.junit.internal.runners.model.ReflectiveCallable.run(ReflectiveCallable.java:12)
	at org.springframework.test.context.junit4.SpringJUnit4ClassRunner.methodBlock(SpringJUnit4ClassRunner.java:291)
	at org.springframework.test.context.junit4.SpringJUnit4ClassRunner.runChild(SpringJUnit4ClassRunner.java:246)
	at org.springframework.test.context.junit4.SpringJUnit4ClassRunner.runChild(SpringJUnit4ClassRunner.java:97)
	at org.junit.runners.ParentRunner$3.run(ParentRunner.java:290)
	at org.junit.runners.ParentRunner$1.schedule(ParentRunner.java:71)
	at org.junit.runners.ParentRunner.runChildren(ParentRunner.java:288)
	at org.junit.runners.ParentRunner.access$000(ParentRunner.java:58)
	at org.junit.runners.ParentRunner$2.evaluate(ParentRunner.java:268)
	at org.springframework.test.context.junit4.statements.RunBeforeTestClassCallbacks.evaluate(RunBeforeTestClassCallbacks.java:61)
	at org.springframework.test.context.junit4.statements.RunAfterTestClassCallbacks.evaluate(RunAfterTestClassCallbacks.java:70)
	at org.junit.runners.ParentRunner.run(ParentRunner.java:363)
	at org.springframework.test.context.junit4.SpringJUnit4ClassRunner.run(SpringJUnit4ClassRunner.java:190)
	at org.apache.maven.surefire.junit4.JUnit4Provider.execute(JUnit4Provider.java:252)
	at org.apache.maven.surefire.junit4.JUnit4Provider.executeTestSet(JUnit4Provider.java:141)
	at org.apache.maven.surefire.junit4.JUnit4Provider.invoke(JUnit4Provider.java:112)
	at sun.reflect.NativeMethodAccessorImpl.invoke0(Native Method)
	at sun.reflect.NativeMethodAccessorImpl.invoke(NativeMethodAccessorImpl.java:62)
	at sun.reflect.DelegatingMethodAccessorImpl.invoke(DelegatingMethodAccessorImpl.java:43)
	at java.lang.reflect.Method.invoke(Method.java:498)
	at org.apache.maven.surefire.util.ReflectionUtils.invokeMethodWithArray(ReflectionUtils.java:189)
	at org.apache.maven.surefire.booter.ProviderFactory$ProviderProxy.invoke(ProviderFactory.java:165)
	at org.apache.maven.surefire.booter.ProviderFactory.invokeProvider(ProviderFactory.java:85)
	at org.apache.maven.surefire.booter.ForkedBooter.runSuitesInProcess(ForkedBooter.java:115)
	at org.apache.maven.surefire.booter.ForkedBooter.main(ForkedBooter.java:75)
13:25:46.234 [main] ERROR org.springframework.test.context.TestContextManager - Caught exception while allowing TestExecutionListener [org.springframework.test.context.web.ServletTestExecutionListener@45ca843] to prepare test instance [cn.mldn.test.TestMessageService@13e344d]
java.lang.NoSuchMethodError: org.springframework.boot.builder.SpringApplicationBuilder.&lt;init&gt;([Ljava/lang/Object;)V
	at org.springframework.cloud.bootstrap.BootstrapApplicationListener.bootstrapServiceContext(BootstrapApplicationListener.java:157)
	at org.springframework.cloud.bootstrap.BootstrapApplicationListener.onApplicationEvent(BootstrapApplicationListener.java:98)
	at org.springframework.cloud.bootstrap.BootstrapApplicationListener.onApplicationEvent(BootstrapApplicationListener.java:64)
	at org.springframework.context.event.SimpleApplicationEventMulticaster.doInvokeListener(SimpleApplicationEventMulticaster.java:172)
	at org.springframework.context.event.SimpleApplicationEventMulticaster.invokeListener(SimpleApplicationEventMulticaster.java:165)
	at org.springframework.context.event.SimpleApplicationEventMulticaster.multicastEvent(SimpleApplicationEventMulticaster.java:139)
	at org.springframework.context.event.SimpleApplicationEventMulticaster.multicastEvent(SimpleApplicationEventMulticaster.java:127)
	at org.springframework.boot.context.event.EventPublishingRunListener.environmentPrepared(EventPublishingRunListener.java:74)
	at org.springframework.boot.SpringApplicationRunListeners.environmentPrepared(SpringApplicationRunListeners.java:54)
	at org.springframework.boot.SpringApplication.prepareEnvironment(SpringApplication.java:358)
	at org.springframework.boot.SpringApplication.run(SpringApplication.java:317)
	at org.springframework.boot.test.context.SpringBootContextLoader.loadContext(SpringBootContextLoader.java:139)
	at org.springframework.test.context.cache.DefaultCacheAwareContextLoaderDelegate.loadContextInternal(DefaultCacheAwareContextLoaderDelegate.java:99)
	at org.springframework.test.context.cache.DefaultCacheAwareContextLoaderDelegate.loadContext(DefaultCacheAwareContextLoaderDelegate.java:117)
	at org.springframework.test.context.support.DefaultTestContext.getApplicationContext(DefaultTestContext.java:108)
	at org.springframework.test.context.web.ServletTestExecutionListener.setUpRequestContextIfNecessary(ServletTestExecutionListener.java:190)
	at org.springframework.test.context.web.ServletTestExecutionListener.prepareTestInstance(ServletTestExecutionListener.java:132)
	at org.springframework.test.context.TestContextManager.prepareTestInstance(TestContextManager.java:246)
	at org.springframework.test.context.junit4.SpringJUnit4ClassRunner.createTest(SpringJUnit4ClassRunner.java:227)
	at org.springframework.test.context.junit4.SpringJUnit4ClassRunner$1.runReflectiveCall(SpringJUnit4ClassRunner.java:289)
	at org.junit.internal.runners.model.ReflectiveCallable.run(ReflectiveCallable.java:12)
	at org.springframework.test.context.junit4.SpringJUnit4ClassRunner.methodBlock(SpringJUnit4ClassRunner.java:291)
	at org.springframework.test.context.junit4.SpringJUnit4ClassRunner.runChild(SpringJUnit4ClassRunner.java:246)
	at org.springframework.test.context.junit4.SpringJUnit4ClassRunner.runChild(SpringJUnit4ClassRunner.java:97)
	at org.junit.runners.ParentRunner$3.run(ParentRunner.java:290)
	at org.junit.runners.ParentRunner$1.schedule(ParentRunner.java:71)
	at org.junit.runners.ParentRunner.runChildren(ParentRunner.java:288)
	at org.junit.runners.ParentRunner.access$000(ParentRunner.java:58)
	at org.junit.runners.ParentRunner$2.evaluate(ParentRunner.java:268)
	at org.springframework.test.context.junit4.statements.RunBeforeTestClassCallbacks.evaluate(RunBeforeTestClassCallbacks.java:61)
	at org.springframework.test.context.junit4.statements.RunAfterTestClassCallbacks.evaluate(RunAfterTestClassCallbacks.java:70)
	at org.junit.runners.ParentRunner.run(ParentRunner.java:363)
	at org.springframework.test.context.junit4.SpringJUnit4ClassRunner.run(SpringJUnit4ClassRunner.java:190)
	at org.apache.maven.surefire.junit4.JUnit4Provider.execute(JUnit4Provider.java:252)
	at org.apache.maven.surefire.junit4.JUnit4Provider.executeTestSet(JUnit4Provider.java:141)
	at org.apache.maven.surefire.junit4.JUnit4Provider.invoke(JUnit4Provider.java:112)
	at sun.reflect.NativeMethodAccessorImpl.invoke0(Native Method)
	at sun.reflect.NativeMethodAccessorImpl.invoke(NativeMethodAccessorImpl.java:62)
	at sun.reflect.DelegatingMethodAccessorImpl.invoke(DelegatingMethodAccessorImpl.java:43)
	at java.lang.reflect.Method.invoke(Method.java:498)
	at org.apache.maven.surefire.util.ReflectionUtils.invokeMethodWithArray(ReflectionUtils.java:189)
	at org.apache.maven.surefire.booter.ProviderFactory$ProviderProxy.invoke(ProviderFactory.java:165)
	at org.apache.maven.surefire.booter.ProviderFactory.invokeProvider(ProviderFactory.java:85)
	at org.apache.maven.surefire.booter.ForkedBooter.runSuitesInProcess(ForkedBooter.java:115)
	at org.apache.maven.surefire.booter.ForkedBooter.main(ForkedBooter.java:75)
</system-out>
  </testcase>
</testsuite>